<?xml version="1.0" encoding="UTF-8"?>
<testsuite name="AppTest" tests="6" skipped="0" failures="0" errors="0" timestamp="2016-02-10T21:18:09" hostname="epicodus-65.local" time="0.34">
  <properties/>
  <testcase name="checkWinner_paperWin_paperWins" classname="AppTest" time="0.003"/>
  <testcase name="checkWinner_rockVSrock_tie" classname="AppTest" time="0.0"/>
  <testcase name="checkWinner_ScissorslosesToRock_rockwins" classname="AppTest" time="0.0"/>
  <testcase name="rootTest" classname="AppTest" time="0.314"/>
  <testcase name="checkWinner_rockBeatsScissors_rockwins" classname="AppTest" time="0.001"/>
  <testcase name="checkWinner_ScissorsBeatsPaper_rockwins" classname="AppTest" time="0.0"/>
  <system-out><![CDATA[]]></system-out>
  <system-err><![CDATA[[Thread-4] INFO spark.webserver.SparkServer - == Spark has ignited ...
[Thread-4] INFO spark.webserver.SparkServer - >> Listening on 0.0.0.0:4567
[Thread-4] INFO org.eclipse.jetty.server.Server - jetty-9.0.2.v20130417
[Thread-4] INFO org.eclipse.jetty.server.ServerConnector - Started ServerConnector@7f72dea7{HTTP/1.1}{0.0.0.0:4567}
[Test worker] INFO spark.webserver.SparkServer - >>> Spark shutting down ...
[Test worker] INFO org.eclipse.jetty.server.Server - Graceful shutdown org.eclipse.jetty.server.Server@46970223 by 
[Test worker] INFO org.eclipse.jetty.server.ServerConnector - Stopped ServerConnector@7f72dea7{HTTP/1.1}{0.0.0.0:4567}
[Test worker] INFO spark.webserver.SparkServer - done
]]></system-err>
</testsuite>
